#
# A fatal error has been detected by the Java Runtime Environment:
#
#  Internal Error (safepoint.cpp:848), pid=6232, tid=0x0000000000007517
#  fatal error: Illegal threadstate encountered: 4
#
# JRE version: OpenJDK Runtime Environment (8.0_342-b07) (build 1.8.0_342-b07)
# Java VM: OpenJDK 64-Bit Server VM (25.342-b07 mixed mode bsd-amd64 compressed oops)
# Failed to write core dump. Core dumps have been disabled. To enable core dumping, try "ulimit -c unlimited" before starting Java again
#
# If you would like to submit a bug report, please visit:
#   https://github.com/corretto/corretto-8/issues/
# The crash happened outside the Java Virtual Machine in native code.
# See problematic frame for where to report the bug.
#

---------------  T H R E A D  ---------------

Current thread (0x00007fb6682ec000):  JavaThread "Thread-1" daemon [_thread_in_native, id=29975, stack(0x000000030a74b000,0x000000030a84b000)]

Stack: [0x000000030a74b000,0x000000030a84b000],  sp=0x000000030a849f90,  free space=1019k
Native frames: (J=compiled Java code, j=interpreted, Vv=VM code, C=native code)
V  [libjvm.dylib+0x576ca0]
V  [libjvm.dylib+0x1c54f2]
V  [libjvm.dylib+0x4c8fa5]
V  [libjvm.dylib+0x53b97a]
V  [libjvm.dylib+0x557a88]
V  [libjvm.dylib+0x557a2c]
V  [libjvm.dylib+0x5579fb]
V  [libjvm.dylib+0x551609]
V  [libjvm.dylib+0x2f9097]
C  [libglass.dylib+0xa7e8]  -[GlassRunnable dealloc]+0x28
C  [Foundation+0x818be]  -[_NSThreadPerformInfo dealloc]+0x2a
C  [Foundation+0x4e446]  -[NSObject(NSThreadPerformAdditions) performSelectorOnMainThread:withObject:waitUntilDone:]+0x7c
J 3341  com.sun.glass.ui.mac.MacApplication._submitForLaterInvocation(Ljava/lang/Runnable;)V (0 bytes) @ 0x000000010e36553c [0x000000010e365480+0xbc]
J 3340 C1 com.sun.glass.ui.mac.MacApplication.submitForLaterInvocation(Ljava/lang/Runnable;)V (6 bytes) @ 0x000000010e3686bc [0x000000010e368640+0x7c]
j  com.sun.glass.ui.InvokeLaterDispatcher.run()V+82
v  ~StubRoutines::call_stub
V  [libjvm.dylib+0x2c44ac]
V  [libjvm.dylib+0x2c32b6]
V  [libjvm.dylib+0x2c34a1]
V  [libjvm.dylib+0x333218]
V  [libjvm.dylib+0x53a273]
V  [libjvm.dylib+0x53a12b]
V  [libjvm.dylib+0x46ec5f]
C  [libsystem_pthread.dylib+0x64e1]  _pthread_start+0x7d
C  [libsystem_pthread.dylib+0x1f6b]  thread_start+0xf
C  0x0000000000000000

Java frames: (J=compiled Java code, j=interpreted, Vv=VM code)
J 3341  com.sun.glass.ui.mac.MacApplication._submitForLaterInvocation(Ljava/lang/Runnable;)V (0 bytes) @ 0x000000010e3654cc [0x000000010e365480+0x4c]
J 3340 C1 com.sun.glass.ui.mac.MacApplication.submitForLaterInvocation(Ljava/lang/Runnable;)V (6 bytes) @ 0x000000010e3686bc [0x000000010e368640+0x7c]
j  com.sun.glass.ui.InvokeLaterDispatcher.run()V+82
v  ~StubRoutines::call_stub

---------------  P R O C E S S  ---------------

Java Threads: ( => current thread )
  0x00007fb667438000 JavaThread "nioEventLoopGroup-2-1" [_thread_in_native, id=15099, stack(0x000000030ad6e000,0x000000030ae6e000)]
  0x00007fb637903800 JavaThread "Thread-6" [_thread_blocked, id=67435, stack(0x000000030ac6b000,0x000000030ad6b000)]
  0x00007fb637e3d800 JavaThread "Prism Font Disposer" daemon [_thread_blocked, id=60943, stack(0x000000030aae0000,0x000000030abe0000)]
  0x00007fb666935000 JavaThread "JavaFX-Launcher" [_thread_blocked, id=57859, stack(0x000000030a9dd000,0x000000030aadd000)]
  0x00007fb6379a2800 JavaThread "Thread-3" daemon [_thread_in_native, id=82435, stack(0x000000030a8d7000,0x000000030a957000)]
  0x00007fb6682ed000 JavaThread "JavaFX Application Thread" [_thread_in_native, id=259, stack(0x00000003087f0000,0x0000000308ff0000)]
=>0x00007fb6682ec000 JavaThread "Thread-1" daemon [_thread_in_native, id=29975, stack(0x000000030a74b000,0x000000030a84b000)]
  0x00007fb63791a800 JavaThread "QuantumRenderer-0" daemon [_thread_blocked, id=40567, stack(0x000000030a5bf000,0x000000030a6bf000)]
  0x00007fb656810000 JavaThread "Service Thread" daemon [_thread_blocked, id=41991, stack(0x000000030a3b9000,0x000000030a4b9000)]
  0x00007fb6681cb800 JavaThread "C1 CompilerThread3" daemon [_thread_blocked, id=42755, stack(0x000000030a2b6000,0x000000030a3b6000)]
  0x00007fb657016800 JavaThread "C2 CompilerThread2" daemon [_thread_blocked, id=24067, stack(0x000000030a1b3000,0x000000030a2b3000)]
  0x00007fb66703e800 JavaThread "C2 CompilerThread1" daemon [_thread_blocked, id=23555, stack(0x000000030a0b0000,0x000000030a1b0000)]
  0x00007fb636812000 JavaThread "C2 CompilerThread0" daemon [_thread_blocked, id=23043, stack(0x0000000309fad000,0x000000030a0ad000)]
  0x00007fb668195800 JavaThread "Monitor Ctrl-Break" daemon [_thread_in_native, id=22367, stack(0x0000000309eaa000,0x0000000309faa000)]
  0x00007fb637812800 JavaThread "Signal Dispatcher" daemon [_thread_blocked, id=43267, stack(0x0000000309da7000,0x0000000309ea7000)]
  0x00007fb668012800 JavaThread "Finalizer" daemon [_thread_blocked, id=17439, stack(0x0000000309b95000,0x0000000309c95000)]
  0x00007fb666814800 JavaThread "Reference Handler" daemon [_thread_blocked, id=13603, stack(0x0000000309a92000,0x0000000309b92000)]
  0x00007fb66800c800 JavaThread "main" [_thread_blocked, id=7171, stack(0x0000000309074000,0x0000000309174000)]

Other Threads:
  0x00007fb637808800 VMThread [stack: 0x000000030998f000,0x0000000309a8f000] [id=13059]
  0x00007fb6681e6800 WatcherThread [stack: 0x000000030a4bc000,0x000000030a5bc000] [id=24835]

VM state:not at safepoint (normal execution)

VM Mutex/Monitor currently owned by a thread: None

heap address: 0x0000000740000000, size: 2048 MB, Compressed Oops mode: Zero based, Oop shift amount: 3
Narrow klass base: 0x0000000000000000, Narrow klass shift: 3
Compressed class space size: 1073741824 Address: 0x00000007c0000000

Heap:
 PSYoungGen      total 113664K, used 15659K [0x0000000795580000, 0x000000079e180000, 0x00000007c0000000)
  eden space 108544K, 9% used [0x0000000795580000,0x0000000795fcf0c8,0x000000079bf80000)
  from space 5120K, 99% used [0x000000079dc80000,0x000000079e17bc40,0x000000079e180000)
  to   space 5120K, 0% used [0x000000079d780000,0x000000079d780000,0x000000079dc80000)
 ParOldGen       total 57856K, used 18500K [0x0000000740000000, 0x0000000743880000, 0x0000000795580000)
  object space 57856K, 31% used [0x0000000740000000,0x0000000741211358,0x0000000743880000)
 Metaspace       used 31162K, capacity 32504K, committed 32640K, reserved 1077248K
  class space    used 4349K, capacity 4647K, committed 4736K, reserved 1048576K

Card table byte_map: [0x000000010b2d0000,0x000000010b6d1000] byte_map_base: 0x00000001078d0000

Marking Bits: (ParMarkBitMap*) 0x000000010c21dc58
 Begin Bits: [0x000000011c925000, 0x000000011e925000)
 End Bits:   [0x000000011e925000, 0x0000000120925000)

Polling page: 0x000000010ad35000

CodeCache: size=245760Kb used=11135Kb max_used=11728Kb free=234624Kb
 bounds [0x000000010d925000, 0x000000010e4a5000, 0x000000011c925000]
 total_blobs=4348 nmethods=3554 adapters=706
 compilation: enabled

Compilation events (10 events):
Event: 22.958 Thread 0x00007fb6681cb800 nmethod 3812 0x000000010dbcb450 code [0x000000010dbcb5c0, 0x000000010dbcb848]
Event: 22.958 Thread 0x00007fb6681cb800 3813       3       javafx.scene.layout.Region$StyleableProperties$11::isSettable (9 bytes)
Event: 22.959 Thread 0x00007fb6681cb800 nmethod 3813 0x000000010dafd890 code [0x000000010dafda20, 0x000000010dafdf50]
Event: 22.959 Thread 0x00007fb6681cb800 3814       3       javafx.scene.layout.Region$StyleableProperties$11::isSettable (23 bytes)
Event: 22.959 Thread 0x00007fb6681cb800 nmethod 3814 0x000000010dbb1690 code [0x000000010dbb1800, 0x000000010dbb1b70]
Event: 22.959 Thread 0x00007fb6681cb800 3815       3       javafx.scene.layout.Region$StyleableProperties$1::isSettable (9 bytes)
Event: 22.959 Thread 0x00007fb6681cb800 nmethod 3815 0x000000010dc4ec90 code [0x000000010dc4ee20, 0x000000010dc4f2c8]
Event: 22.959 Thread 0x00007fb6681cb800 3816       3       javafx.scene.layout.Region$StyleableProperties$6::isSettable (9 bytes)
Event: 22.961 Thread 0x00007fb6681cb800 nmethod 3816 0x000000010da63750 code [0x000000010da638e0, 0x000000010da63e10]
Event: 23.224 Thread 0x00007fb66703e800 3817       4       com.sun.javafx.geom.transform.Identity::inverseTransform (20 bytes)

GC Heap History (10 events):
Event: 0.850 GC heap before
{Heap before GC invocations=1 (full 0):
 PSYoungGen      total 38400K, used 33280K [0x0000000795580000, 0x0000000798000000, 0x00000007c0000000)
  eden space 33280K, 100% used [0x0000000795580000,0x0000000797600000,0x0000000797600000)
  from space 5120K, 0% used [0x0000000797b00000,0x0000000797b00000,0x0000000798000000)
  to   space 5120K, 0% used [0x0000000797600000,0x0000000797600000,0x0000000797b00000)
 ParOldGen       total 87552K, used 0K [0x0000000740000000, 0x0000000745580000, 0x0000000795580000)
  object space 87552K, 0% used [0x0000000740000000,0x0000000740000000,0x0000000745580000)
 Metaspace       used 10056K, capacity 10444K, committed 10624K, reserved 1058816K
  class space    used 1242K, capacity 1348K, committed 1408K, reserved 1048576K
Event: 0.868 GC heap after
Heap after GC invocations=1 (full 0):
 PSYoungGen      total 38400K, used 5112K [0x0000000795580000, 0x000000079a080000, 0x00000007c0000000)
  eden space 33280K, 0% used [0x0000000795580000,0x0000000795580000,0x0000000797600000)
  from space 5120K, 99% used [0x0000000797600000,0x0000000797afe368,0x0000000797b00000)
  to   space 5120K, 0% used [0x0000000799b80000,0x0000000799b80000,0x000000079a080000)
 ParOldGen       total 87552K, used 77K [0x0000000740000000, 0x0000000745580000, 0x0000000795580000)
  object space 87552K, 0% used [0x0000000740000000,0x0000000740013430,0x0000000745580000)
 Metaspace       used 10056K, capacity 10444K, committed 10624K, reserved 1058816K
  class space    used 1242K, capacity 1348K, committed 1408K, reserved 1048576K
}
Event: 1.304 GC heap before
{Heap before GC invocations=2 (full 0):
 PSYoungGen      total 38400K, used 38392K [0x0000000795580000, 0x000000079a080000, 0x00000007c0000000)
  eden space 33280K, 100% used [0x0000000795580000,0x0000000797600000,0x0000000797600000)
  from space 5120K, 99% used [0x0000000797600000,0x0000000797afe368,0x0000000797b00000)
  to   space 5120K, 0% used [0x0000000799b80000,0x0000000799b80000,0x000000079a080000)
 ParOldGen       total 87552K, used 77K [0x0000000740000000, 0x0000000745580000, 0x0000000795580000)
  object space 87552K, 0% used [0x0000000740000000,0x0000000740013430,0x0000000745580000)
 Metaspace       used 14804K, capacity 15212K, committed 15360K, reserved 1062912K
  class space    used 1840K, capacity 1984K, committed 2048K, reserved 1048576K
Event: 1.323 GC heap after
Heap after GC invocations=2 (full 0):
 PSYoungGen      total 71680K, used 5100K [0x0000000795580000, 0x000000079a080000, 0x00000007c0000000)
  eden space 66560K, 0% used [0x0000000795580000,0x0000000795580000,0x0000000799680000)
  from space 5120K, 99% used [0x0000000799b80000,0x000000079a07b368,0x000000079a080000)
  to   space 5120K, 0% used [0x0000000799680000,0x0000000799680000,0x0000000799b80000)
 ParOldGen       total 87552K, used 593K [0x0000000740000000, 0x0000000745580000, 0x0000000795580000)
  object space 87552K, 0% used [0x0000000740000000,0x0000000740094640,0x0000000745580000)
 Metaspace       used 14804K, capacity 15212K, committed 15360K, reserved 1062912K
  class space    used 1840K, capacity 1984K, committed 2048K, reserved 1048576K
}
Event: 2.114 GC heap before
{Heap before GC invocations=3 (full 0):
 PSYoungGen      total 71680K, used 40785K [0x0000000795580000, 0x000000079a080000, 0x00000007c0000000)
  eden space 66560K, 53% used [0x0000000795580000,0x00000007978590c8,0x0000000799680000)
  from space 5120K, 99% used [0x0000000799b80000,0x000000079a07b368,0x000000079a080000)
  to   space 5120K, 0% used [0x0000000799680000,0x0000000799680000,0x0000000799b80000)
 ParOldGen       total 87552K, used 593K [0x0000000740000000, 0x0000000745580000, 0x0000000795580000)
  object space 87552K, 0% used [0x0000000740000000,0x0000000740094640,0x0000000745580000)
 Metaspace       used 20530K, capacity 21208K, committed 21296K, reserved 1067008K
  class space    used 2731K, capacity 2907K, committed 2944K, reserved 1048576K
Event: 2.131 GC heap after
Heap after GC invocations=3 (full 0):
 PSYoungGen      total 71680K, used 5096K [0x0000000795580000, 0x000000079e180000, 0x00000007c0000000)
  eden space 66560K, 0% used [0x0000000795580000,0x0000000795580000,0x0000000799680000)
  from space 5120K, 99% used [0x0000000799680000,0x0000000799b7a128,0x0000000799b80000)
  to   space 5120K, 0% used [0x000000079dc80000,0x000000079dc80000,0x000000079e180000)
 ParOldGen       total 87552K, used 4784K [0x0000000740000000, 0x0000000745580000, 0x0000000795580000)
  object space 87552K, 5% used [0x0000000740000000,0x00000007404ac1c8,0x0000000745580000)
 Metaspace       used 20530K, capacity 21208K, committed 21296K, reserved 1067008K
  class space    used 2731K, capacity 2907K, committed 2944K, reserved 1048576K
}
Event: 2.131 GC heap before
{Heap before GC invocations=4 (full 1):
 PSYoungGen      total 71680K, used 5096K [0x0000000795580000, 0x000000079e180000, 0x00000007c0000000)
  eden space 66560K, 0% used [0x0000000795580000,0x0000000795580000,0x0000000799680000)
  from space 5120K, 99% used [0x0000000799680000,0x0000000799b7a128,0x0000000799b80000)
  to   space 5120K, 0% used [0x000000079dc80000,0x000000079dc80000,0x000000079e180000)
 ParOldGen       total 87552K, used 4784K [0x0000000740000000, 0x0000000745580000, 0x0000000795580000)
  object space 87552K, 5% used [0x0000000740000000,0x00000007404ac1c8,0x0000000745580000)
 Metaspace       used 20530K, capacity 21208K, committed 21296K, reserved 1067008K
  class space    used 2731K, capacity 2907K, committed 2944K, reserved 1048576K
Event: 2.159 GC heap after
Heap after GC invocations=4 (full 1):
 PSYoungGen      total 71680K, used 0K [0x0000000795580000, 0x000000079e180000, 0x00000007c0000000)
  eden space 66560K, 0% used [0x0000000795580000,0x0000000795580000,0x0000000799680000)
  from space 5120K, 0% used [0x0000000799680000,0x0000000799680000,0x0000000799b80000)
  to   space 5120K, 0% used [0x000000079dc80000,0x000000079dc80000,0x000000079e180000)
 ParOldGen       total 57856K, used 9074K [0x0000000740000000, 0x0000000743880000, 0x0000000795580000)
  object space 57856K, 15% used [0x0000000740000000,0x00000007408dc990,0x0000000743880000)
 Metaspace       used 20515K, capacity 21160K, committed 21296K, reserved 1067008K
  class space    used 2727K, capacity 2899K, committed 2944K, reserved 1048576K
}
Event: 21.119 GC heap before
{Heap before GC invocations=5 (full 1):
 PSYoungGen      total 71680K, used 62831K [0x0000000795580000, 0x000000079e180000, 0x00000007c0000000)
  eden space 66560K, 94% used [0x0000000795580000,0x00000007992dbde8,0x0000000799680000)
  from space 5120K, 0% used [0x0000000799680000,0x0000000799680000,0x0000000799b80000)
  to   space 5120K, 0% used [0x000000079dc80000,0x000000079dc80000,0x000000079e180000)
 ParOldGen       total 57856K, used 9074K [0x0000000740000000, 0x0000000743880000, 0x0000000795580000)
  object space 57856K, 15% used [0x0000000740000000,0x00000007408dc990,0x0000000743880000)
 Metaspace       used 31059K, capacity 32422K, committed 32640K, reserved 1077248K
  class space    used 4347K, capacity 4644K, committed 4736K, reserved 1048576K
Event: 21.142 GC heap after
Heap after GC invocations=5 (full 1):
 PSYoungGen      total 113664K, used 5103K [0x0000000795580000, 0x000000079e180000, 0x00000007c0000000)
  eden space 108544K, 0% used [0x0000000795580000,0x0000000795580000,0x000000079bf80000)
  from space 5120K, 99% used [0x000000079dc80000,0x000000079e17bc40,0x000000079e180000)
  to   space 5120K, 0% used [0x000000079d780000,0x000000079d780000,0x000000079dc80000)
 ParOldGen       total 57856K, used 18500K [0x0000000740000000, 0x0000000743880000, 0x0000000795580000)
  object space 57856K, 31% used [0x0000000740000000,0x0000000741211358,0x0000000743880000)
 Metaspace       used 31059K, capacity 32422K, committed 32640K, reserved 1077248K
  class space    used 4347K, capacity 4644K, committed 4736K, reserved 1048576K
}

Deoptimization events (10 events):
Event: 19.894 Thread 0x00007fb6682ed000 Uncommon trap: reason=unstable_if action=reinterpret pc=0x000000010df75d6c method=java.io.ByteArrayInputStream.read()I @ 8
Event: 19.895 Thread 0x00007fb6682ed000 Uncommon trap: reason=class_check action=maybe_recompile pc=0x000000010e070aac method=java.util.zip.InflaterInputStream.read([BII)I @ 100
Event: 19.895 Thread 0x00007fb6682ed000 Uncommon trap: reason=class_check action=maybe_recompile pc=0x000000010e070aac method=java.util.zip.InflaterInputStream.read([BII)I @ 100
Event: 19.895 Thread 0x00007fb6682ed000 Uncommon trap: reason=class_check action=maybe_recompile pc=0x000000010e070aac method=java.util.zip.InflaterInputStream.read([BII)I @ 100
Event: 19.896 Thread 0x00007fb6682ed000 Uncommon trap: reason=class_check action=maybe_recompile pc=0x000000010e070aac method=java.util.zip.InflaterInputStream.read([BII)I @ 100
Event: 19.948 Thread 0x00007fb6682ed000 Uncommon trap: reason=class_check action=maybe_recompile pc=0x000000010e187abc method=com.sun.javafx.collections.ObservableMapWrapper.get(Ljava/lang/Object;)Ljava/lang/Object; @ 5
Event: 19.950 Thread 0x00007fb6682ed000 Uncommon trap: reason=unstable_if action=reinterpret pc=0x000000010e422d84 method=java.util.HashMap.removeNode(ILjava/lang/Object;Ljava/lang/Object;ZZ)Ljava/util/HashMap$Node; @ 234
Event: 19.953 Thread 0x00007fb6682ed000 Uncommon trap: reason=class_check action=maybe_recompile pc=0x000000010e187abc method=com.sun.javafx.collections.ObservableMapWrapper.get(Ljava/lang/Object;)Ljava/lang/Object; @ 5
Event: 20.017 Thread 0x00007fb63791a800 Uncommon trap: reason=unstable_if action=reinterpret pc=0x000000010e3c7850 method=com.sun.javafx.font.CompositeStrike.getStrikeSlot(I)Lcom/sun/javafx/font/FontStrike; @ 8
Event: 21.186 Thread 0x00007fb63791a800 Uncommon trap: reason=unstable_if action=reinterpret pc=0x000000010e483f40 method=com.sun.prism.es2.GLContext.updateBoundTexture(I)V @ 5

Classes redefined (0 events):
No events

Internal exceptions (10 events):
Event: 13.366 Thread 0x00007fb637903800 Exception <a 'java/lang/NoClassDefFoundError': org/slf4j/LoggerFactory> (0x0000000796e94208) thrown at [/Users/ec2-user/workspace/Corretto8/macos/x64/build/Corretto8Src/installers/mac/tar/corretto-build/buildRoot/hotspot/src/share/vm/classfile/systemDicti
Event: 13.367 Thread 0x00007fb637903800 Exception <a 'java/lang/NoClassDefFoundError'> (0x0000000796e94208) thrown at [/Users/ec2-user/workspace/Corretto8/macos/x64/build/Corretto8Src/installers/mac/tar/corretto-build/buildRoot/hotspot/src/share/vm/oops/instanceKlass.cpp, line 964]
Event: 13.592 Thread 0x00007fb667438000 Exception <a 'java/lang/NoSuchMethodError': <clinit>> (0x00000007982a60d0) thrown at [/Users/ec2-user/workspace/Corretto8/macos/x64/build/Corretto8Src/installers/mac/tar/corretto-build/buildRoot/hotspot/src/share/vm/prims/jni.cpp, line 1616]
Event: 13.600 Thread 0x00007fb667438000 Exception <a 'java/lang/NoSuchMethodError': <clinit>> (0x00000007982f1e50) thrown at [/Users/ec2-user/workspace/Corretto8/macos/x64/build/Corretto8Src/installers/mac/tar/corretto-build/buildRoot/hotspot/src/share/vm/prims/jni.cpp, line 1616]
Event: 13.684 Thread 0x00007fb667438000 Exception <a 'java/lang/NoSuchMethodError': <clinit>> (0x0000000798441480) thrown at [/Users/ec2-user/workspace/Corretto8/macos/x64/build/Corretto8Src/installers/mac/tar/corretto-build/buildRoot/hotspot/src/share/vm/prims/jni.cpp, line 1616]
Event: 13.694 Thread 0x00007fb667438000 Exception <a 'java/lang/NoSuchMethodError': <clinit>> (0x00000007984acfa8) thrown at [/Users/ec2-user/workspace/Corretto8/macos/x64/build/Corretto8Src/installers/mac/tar/corretto-build/buildRoot/hotspot/src/share/vm/prims/jni.cpp, line 1616]
Event: 13.717 Thread 0x00007fb667438000 Exception <a 'java/lang/NoSuchMethodError': <clinit>> (0x00000007984b8a78) thrown at [/Users/ec2-user/workspace/Corretto8/macos/x64/build/Corretto8Src/installers/mac/tar/corretto-build/buildRoot/hotspot/src/share/vm/prims/jni.cpp, line 1616]
Event: 13.721 Thread 0x00007fb667438000 Exception <a 'java/lang/NoSuchMethodError': <clinit>> (0x00000007984e14f8) thrown at [/Users/ec2-user/workspace/Corretto8/macos/x64/build/Corretto8Src/installers/mac/tar/corretto-build/buildRoot/hotspot/src/share/vm/prims/jni.cpp, line 1616]
Event: 21.159 Thread 0x00007fb667438000 Exception <a 'java/lang/NoSuchMethodError': <clinit>> (0x0000000795b641b8) thrown at [/Users/ec2-user/workspace/Corretto8/macos/x64/build/Corretto8Src/installers/mac/tar/corretto-build/buildRoot/hotspot/src/share/vm/prims/jni.cpp, line 1616]
Event: 21.162 Thread 0x00007fb667438000 Exception <a 'java/lang/NoSuchMethodError': <clinit>> (0x0000000795b65768) thrown at [/Users/ec2-user/workspace/Corretto8/macos/x64/build/Corretto8Src/installers/mac/tar/corretto-build/buildRoot/hotspot/src/share/vm/prims/jni.cpp, line 1616]

Events (10 events):
Event: 21.200 Thread 0x00007fb6681cb800 flushing nmethod 0x000000010def55d0
Event: 21.200 Thread 0x00007fb6681cb800 flushing nmethod 0x000000010defa950
Event: 21.200 Thread 0x00007fb6681cb800 flushing nmethod 0x000000010df00990
Event: 21.200 Thread 0x00007fb6681cb800 flushing nmethod 0x000000010df0fad0
Event: 21.201 Thread 0x00007fb6681cb800 flushing nmethod 0x000000010df33fd0
Event: 21.204 Thread 0x00007fb6681cb800 flushing nmethod 0x000000010dfef050
Event: 21.205 Thread 0x00007fb6681cb800 flushing nmethod 0x000000010e029e50
Event: 21.205 Thread 0x00007fb6681cb800 flushing nmethod 0x000000010e035390
Event: 21.214 Executing VM operation: RevokeBias
Event: 21.214 Executing VM operation: RevokeBias done


Dynamic libraries:
0x00007ff823fb9000 	/System/Library/Frameworks/Cocoa.framework/Versions/A/Cocoa
0x00007ff80f68f000 	/System/Library/Frameworks/AppKit.framework/Versions/C/AppKit
0x00007ff812c04000 	/System/Library/Frameworks/CoreData.framework/Versions/A/CoreData
0x00007ff80da92000 	/System/Library/Frameworks/Foundation.framework/Versions/C/Foundation
0x00007ff817e89000 	/usr/lib/libSystem.B.dylib
0x00007ff81051f000 	/System/Library/PrivateFrameworks/UIFoundation.framework/Versions/A/UIFoundation
0x00007ff81deba000 	/System/Library/PrivateFrameworks/RemoteViewServices.framework/Versions/A/RemoteViewServices
0x00007ff816154000 	/System/Library/PrivateFrameworks/XCTTargetBootstrap.framework/Versions/A/XCTTargetBootstrap
0x00007ff819d50000 	/System/Library/PrivateFrameworks/InternationalSupport.framework/Versions/A/InternationalSupport
0x00007ff819dda000 	/System/Library/PrivateFrameworks/UserActivity.framework/Versions/A/UserActivity
0x00007ff819132000 	/usr/lib/libspindump.dylib
0x00007ff8107ae000 	/System/Library/Frameworks/UniformTypeIdentifiers.framework/Versions/A/UniformTypeIdentifiers
0x00007ff814878000 	/usr/lib/libapp_launch_measurement.dylib
0x00007ff8135e7000 	/System/Library/PrivateFrameworks/CoreAnalytics.framework/Versions/A/CoreAnalytics
0x00007ff81487b000 	/System/Library/PrivateFrameworks/CoreAutoLayout.framework/Versions/A/CoreAutoLayout
0x00007ff815aab000 	/System/Library/Frameworks/Metal.framework/Versions/A/Metal
0x00007ff8167db000 	/usr/lib/liblangid.dylib
0x00007ff816159000 	/System/Library/PrivateFrameworks/CoreSVG.framework/Versions/A/CoreSVG
0x00007ff811b9a000 	/System/Library/PrivateFrameworks/SkyLight.framework/Versions/A/SkyLight
0x00007ff811f39000 	/System/Library/Frameworks/CoreGraphics.framework/Versions/A/CoreGraphics
0x00007ff81e57a000 	/System/Library/Frameworks/Accelerate.framework/Versions/A/Accelerate
0x00007ff818bb1000 	/System/Library/PrivateFrameworks/IconServices.framework/Versions/A/IconServices
0x00007ff815a90000 	/System/Library/Frameworks/IOSurface.framework/Versions/A/IOSurface
0x00007ff813615000 	/usr/lib/libDiagnosticMessagesClient.dylib
0x00007ff817da3000 	/usr/lib/libz.1.dylib
0x00007ff821c5d000 	/System/Library/Frameworks/ApplicationServices.framework/Versions/A/ApplicationServices
0x00007ff816140000 	/System/Library/PrivateFrameworks/DFRFoundation.framework/Versions/A/DFRFoundation
0x00007ff80ef77000 	/usr/lib/libicucore.A.dylib
0x00007ff81ab46000 	/System/Library/Frameworks/AudioToolbox.framework/Versions/A/AudioToolbox
0x00007ff819d5c000 	/System/Library/PrivateFrameworks/DataDetectorsCore.framework/Versions/A/DataDetectorsCore
0x00007ff915fb9000 	/System/Library/PrivateFrameworks/TextInput.framework/Versions/A/TextInput
0x00007ff811b1d000 	/usr/lib/libMobileGestalt.dylib
0x00007ff815e4c000 	/System/Library/Frameworks/Carbon.framework/Versions/A/Frameworks/HIToolbox.framework/Versions/A/HIToolbox
0x00007ff81427a000 	/System/Library/Frameworks/QuartzCore.framework/Versions/A/QuartzCore
0x00007ff80ec1c000 	/System/Library/Frameworks/Security.framework/Versions/A/Security
0x00007ff81def2000 	/System/Library/Frameworks/Carbon.framework/Versions/A/Frameworks/SpeechRecognition.framework/Versions/A/SpeechRecognition
0x00007ff8145d8000 	/System/Library/PrivateFrameworks/CoreUI.framework/Versions/A/CoreUI
0x00007ff80e4e6000 	/System/Library/Frameworks/CoreAudio.framework/Versions/A/CoreAudio
0x00007ff813704000 	/System/Library/Frameworks/DiskArbitration.framework/Versions/A/DiskArbitration
0x00007ff81951e000 	/System/Library/PrivateFrameworks/MultitouchSupport.framework/Versions/A/MultitouchSupport
0x00007ff811b1c000 	/usr/lib/libenergytrace.dylib
0x00007ff80f57b000 	/System/Library/Frameworks/IOKit.framework/Versions/A/IOKit
0x00007ff81e2e2000 	/System/Library/Frameworks/CoreServices.framework/Versions/A/CoreServices
0x00007ff814812000 	/System/Library/PrivateFrameworks/PerformanceAnalysis.framework/Versions/A/PerformanceAnalysis
0x00007ffa25a95000 	/System/Library/Frameworks/OpenGL.framework/Versions/A/OpenGL
0x00007ff8173bf000 	/System/Library/PrivateFrameworks/MobileKeyBag.framework/Versions/A/MobileKeyBag
0x00007ff80cb26000 	/usr/lib/libobjc.A.dylib
0x00007ff812663000 	/System/Library/Frameworks/ColorSync.framework/Versions/A/ColorSync
0x00007ff80cce0000 	/System/Library/Frameworks/CoreFoundation.framework/Versions/A/CoreFoundation
0x00007ff8163d1000 	/System/Library/Frameworks/CoreImage.framework/Versions/A/CoreImage
0x00007ff80e2fa000 	/System/Library/Frameworks/CoreText.framework/Versions/A/CoreText
0x00007ff816189000 	/System/Library/Frameworks/ImageIO.framework/Versions/A/ImageIO
0x00007ff817e8f000 	/System/Library/PrivateFrameworks/SoftLinking.framework/Versions/A/SoftLinking
0x00007ff8148c3000 	/usr/lib/libxml2.2.dylib
0x00007ff80cbec000 	/usr/lib/libc++.1.dylib
0x00007ff818110000 	/usr/lib/libcompression.dylib
0x00007ff819c83000 	/System/Library/PrivateFrameworks/TextureIO.framework/Versions/A/TextureIO
0x00007ff81882a000 	/usr/lib/libate.dylib
0x00007ff817e84000 	/usr/lib/system/libcache.dylib
0x00007ff817e40000 	/usr/lib/system/libcommonCrypto.dylib
0x00007ff817e69000 	/usr/lib/system/libcompiler_rt.dylib
0x00007ff817e5f000 	/usr/lib/system/libcopyfile.dylib
0x00007ff80ca21000 	/usr/lib/system/libcorecrypto.dylib
0x00007ff80cadf000 	/usr/lib/system/libdispatch.dylib
0x00007ff80cc9f000 	/usr/lib/system/libdyld.dylib
0x00007ff817e7b000 	/usr/lib/system/libkeymgr.dylib
0x00007ff817e1e000 	/usr/lib/system/libmacho.dylib
0x00007ff817499000 	/usr/lib/system/libquarantine.dylib
0x00007ff817e79000 	/usr/lib/system/libremovefile.dylib
0x00007ff811b6a000 	/usr/lib/system/libsystem_asl.dylib
0x00007ff80c9ca000 	/usr/lib/system/libsystem_blocks.dylib
0x00007ff80cb63000 	/usr/lib/system/libsystem_c.dylib
0x00007ff817e71000 	/usr/lib/system/libsystem_collections.dylib
0x00007ff8167cb000 	/usr/lib/system/libsystem_configuration.dylib
0x00007ff815a73000 	/usr/lib/system/libsystem_containermanager.dylib
0x00007ff817b50000 	/usr/lib/system/libsystem_coreservices.dylib
0x00007ff80f20b000 	/usr/lib/system/libsystem_darwin.dylib
0x00007ff817e7c000 	/usr/lib/system/libsystem_dnssd.dylib
0x00007ff80cb60000 	/usr/lib/system/libsystem_featureflags.dylib
0x00007ff80ccb5000 	/usr/lib/system/libsystem_info.dylib
0x00007ff817db6000 	/usr/lib/system/libsystem_m.dylib
0x00007ff80cab3000 	/usr/lib/system/libsystem_malloc.dylib
0x00007ff811b05000 	/usr/lib/system/libsystem_networkextension.dylib
0x00007ff80f631000 	/usr/lib/system/libsystem_notify.dylib
0x00007ff81e1b7000 	/usr/lib/system/libsystem_product_info_filter.dylib
0x00007ff8167cf000 	/usr/lib/system/libsystem_sandbox.dylib
0x00007ff817e76000 	/usr/lib/system/libsystem_secinit.dylib
0x00007ff80cc5b000 	/usr/lib/system/libsystem_kernel.dylib
0x00007ff80ccab000 	/usr/lib/system/libsystem_platform.dylib
0x00007ff80cc93000 	/usr/lib/system/libsystem_pthread.dylib
0x00007ff813427000 	/usr/lib/system/libsystem_symptoms.dylib
0x00007ff80ca08000 	/usr/lib/system/libsystem_trace.dylib
0x00007ff817e4c000 	/usr/lib/system/libunwind.dylib
0x00007ff80c9cc000 	/usr/lib/system/libxpc.dylib
0x00007ff80cc45000 	/usr/lib/libc++abi.dylib
0x00007ff817e57000 	/usr/lib/liboah.dylib
0x00007ff8185e8000 	/usr/lib/liblzma.5.dylib
0x00007ff80d7a4000 	/System/Library/Frameworks/SystemConfiguration.framework/Versions/A/SystemConfiguration
0x00007ff817e8b000 	/usr/lib/libfakelink.dylib
0x00007ff811675000 	/System/Library/Frameworks/CFNetwork.framework/Versions/A/CFNetwork
0x00007ff817fcc000 	/usr/lib/libarchive.2.dylib
0x00007ff8167d7000 	/System/Library/PrivateFrameworks/AppleSystemInfo.framework/Versions/A/AppleSystemInfo
0x00007ff8174c0000 	/usr/lib/libbsm.0.dylib
0x00007ff810c84000 	/usr/lib/libnetwork.dylib
0x00007ff817e24000 	/usr/lib/system/libkxld.dylib
0x00007ff8170f3000 	/System/Library/PrivateFrameworks/IOMobileFramebuffer.framework/Versions/A/IOMobileFramebuffer
0x00007ffb25454000 	/usr/lib/libCoreEntitlements.dylib
0x00007ff817b32000 	/System/Library/PrivateFrameworks/AppleFSCompression.framework/Versions/A/AppleFSCompression
0x00007ff8174a8000 	/usr/lib/libcoretls.dylib
0x00007ff818602000 	/usr/lib/libcoretls_cfhelpers.dylib
0x00007ff81810b000 	/usr/lib/libpam.2.dylib
0x00007ff813049000 	/usr/lib/libsqlite3.dylib
0x00007ff818671000 	/usr/lib/libxar.1.dylib
0x00007ff817b42000 	/usr/lib/libbz2.1.0.dylib
0x00007ff817e90000 	/usr/lib/libpcap.A.dylib
0x00007ff81341f000 	/usr/lib/libdns_services.dylib
0x00007ff8180de000 	/usr/lib/libapple_nghttp2.dylib
0x00007ff817eca000 	/usr/lib/libiconv.2.dylib
0x00007ff817e1d000 	/usr/lib/libcharset.1.dylib
0x00007ff814846000 	/System/Library/Frameworks/CoreServices.framework/Versions/A/Frameworks/FSEvents.framework/Versions/A/FSEvents
0x00007ff80f215000 	/System/Library/Frameworks/CoreServices.framework/Versions/A/Frameworks/CarbonCore.framework/Versions/A/CarbonCore
0x00007ff813668000 	/System/Library/Frameworks/CoreServices.framework/Versions/A/Frameworks/Metadata.framework/Versions/A/Metadata
0x00007ff817b55000 	/System/Library/Frameworks/CoreServices.framework/Versions/A/Frameworks/OSServices.framework/Versions/A/OSServices
0x00007ff818053000 	/System/Library/Frameworks/CoreServices.framework/Versions/A/Frameworks/SearchKit.framework/Versions/A/SearchKit
0x00007ff8133b1000 	/System/Library/Frameworks/CoreServices.framework/Versions/A/Frameworks/AE.framework/Versions/A/AE
0x00007ff80d1e1000 	/System/Library/Frameworks/CoreServices.framework/Versions/A/Frameworks/LaunchServices.framework/Versions/A/LaunchServices
0x00007ff818599000 	/System/Library/Frameworks/CoreServices.framework/Versions/A/Frameworks/DictionaryServices.framework/Versions/A/DictionaryServices
0x00007ff814853000 	/System/Library/Frameworks/CoreServices.framework/Versions/A/Frameworks/SharedFileList.framework/Versions/A/SharedFileList
0x00007ff81749c000 	/usr/lib/libCheckFix.dylib
0x00007ff811b81000 	/System/Library/PrivateFrameworks/TCC.framework/Versions/A/TCC
0x00007ff8167dd000 	/System/Library/PrivateFrameworks/CoreNLP.framework/Versions/A/CoreNLP
0x00007ff813618000 	/System/Library/PrivateFrameworks/MetadataUtilities.framework/Versions/A/MetadataUtilities
0x00007ff80d855000 	/usr/lib/libmecabra.dylib
0x00007ff8174d0000 	/usr/lib/libmecab.dylib
0x00007ff80d820000 	/usr/lib/libCRFSuite.dylib
0x00007ff81752a000 	/usr/lib/libgermantok.dylib
0x00007ff8180b9000 	/usr/lib/libThaiTokenizer.dylib
0x00007ff81370b000 	/System/Library/Frameworks/Accelerate.framework/Versions/A/Frameworks/vImage.framework/Versions/A/vImage
0x00007ff81e2b9000 	/System/Library/Frameworks/Accelerate.framework/Versions/A/Frameworks/vecLib.framework/Versions/A/vecLib
0x00007ff8186b2000 	/System/Library/Frameworks/Accelerate.framework/Versions/A/Frameworks/vecLib.framework/Versions/A/libvMisc.dylib
0x00007ff816ef2000 	/System/Library/Frameworks/Accelerate.framework/Versions/A/Frameworks/vecLib.framework/Versions/A/libvDSP.dylib
0x00007ff80d55c000 	/System/Library/Frameworks/Accelerate.framework/Versions/A/Frameworks/vecLib.framework/Versions/A/libBLAS.dylib
0x00007ff8181ee000 	/System/Library/Frameworks/Accelerate.framework/Versions/A/Frameworks/vecLib.framework/Versions/A/libLAPACK.dylib
0x00007ff81752d000 	/System/Library/Frameworks/Accelerate.framework/Versions/A/Frameworks/vecLib.framework/Versions/A/libLinearAlgebra.dylib
0x00007ff8180f6000 	/System/Library/Frameworks/Accelerate.framework/Versions/A/Frameworks/vecLib.framework/Versions/A/libSparseBLAS.dylib
0x00007ff8181e8000 	/System/Library/Frameworks/Accelerate.framework/Versions/A/Frameworks/vecLib.framework/Versions/A/libQuadrature.dylib
0x00007ff8168c8000 	/System/Library/Frameworks/Accelerate.framework/Versions/A/Frameworks/vecLib.framework/Versions/A/libBNNS.dylib
0x00007ff80d72e000 	/System/Library/Frameworks/Accelerate.framework/Versions/A/Frameworks/vecLib.framework/Versions/A/libSparse.dylib
0x00007ff8168c1000 	/System/Library/PrivateFrameworks/LinguisticData.framework/Versions/A/LinguisticData
0x00007ff80d6e4000 	/System/Library/PrivateFrameworks/Lexicon.framework/Versions/A/Lexicon
0x00007ff8186ab000 	/usr/lib/libChineseTokenizer.dylib
0x00007ff80de4f000 	/System/Library/PrivateFrameworks/LanguageModeling.framework/Versions/A/LanguageModeling
0x00007ff8180bb000 	/System/Library/PrivateFrameworks/AppleSauce.framework/Versions/A/AppleSauce
0x00007ff8170e1000 	/System/Library/PrivateFrameworks/CoreEmoji.framework/Versions/A/CoreEmoji
0x00007ff817fbb000 	/usr/lib/libcmph.dylib
0x00007ff81482a000 	/System/Library/Frameworks/OpenDirectory.framework/Versions/A/Frameworks/CFOpenDirectory.framework/Versions/A/CFOpenDirectory
0x00007ff81481e000 	/System/Library/Frameworks/OpenDirectory.framework/Versions/A/OpenDirectory
0x00007ff818604000 	/System/Library/PrivateFrameworks/APFS.framework/Versions/A/APFS
0x00007ff8173f7000 	/System/Library/Frameworks/SecurityFoundation.framework/Versions/A/SecurityFoundation
0x00007ff81867f000 	/usr/lib/libutil.dylib
0x00007ff80f53f000 	/System/Library/PrivateFrameworks/CoreServicesStore.framework/Versions/A/CoreServicesStore
0x00007ff818683000 	/usr/lib/libxslt.1.dylib
0x00007ff817484000 	/System/Library/PrivateFrameworks/BackgroundTaskManagement.framework/Versions/A/BackgroundTaskManagement
0x00007ff819ba4000 	/System/Library/Frameworks/ImageIO.framework/Versions/A/Resources/libRadiance.dylib
0x00007ff819bad000 	/System/Library/Frameworks/ImageIO.framework/Versions/A/Resources/libJPEG.dylib
0x00007ff819afd000 	/System/Library/Frameworks/ImageIO.framework/Versions/A/Resources/libPng.dylib
0x00007ff819b1e000 	/System/Library/Frameworks/ImageIO.framework/Versions/A/Resources/libTIFF.dylib
0x00007ff819c0c000 	/System/Library/Frameworks/ImageIO.framework/Versions/A/Resources/libGIF.dylib
0x00007ff81943a000 	/System/Library/Frameworks/ImageIO.framework/Versions/A/Resources/libJP2.dylib
0x00007ff818b78000 	/usr/lib/libexpat.1.dylib
0x00007ff8193ef000 	/System/Library/PrivateFrameworks/AppleJPEG.framework/Versions/A/AppleJPEG
0x00007ff815d10000 	/System/Library/PrivateFrameworks/FontServices.framework/libFontParser.dylib
0x00007ff81335b000 	/System/Library/PrivateFrameworks/RunningBoardServices.framework/Versions/A/RunningBoardServices
0x00007ff824574000 	/System/Library/PrivateFrameworks/IOSurfaceAccelerator.framework/Versions/A/IOSurfaceAccelerator
0x00007ff81951a000 	/System/Library/PrivateFrameworks/WatchdogClient.framework/Versions/A/WatchdogClient
0x00007ff80df3d000 	/System/Library/Frameworks/CoreDisplay.framework/Versions/A/CoreDisplay
0x00007ff815c0e000 	/System/Library/Frameworks/CoreMedia.framework/Versions/A/CoreMedia
0x00007ff815aa2000 	/System/Library/PrivateFrameworks/IOAccelerator.framework/Versions/A/IOAccelerator
0x00007ff8149a7000 	/System/Library/Frameworks/CoreVideo.framework/Versions/A/CoreVideo
0x00007ff818109000 	/System/Library/Frameworks/MetalPerformanceShaders.framework/Versions/A/MetalPerformanceShaders
0x00007ff819557000 	/System/Library/Frameworks/VideoToolbox.framework/Versions/A/VideoToolbox
0x00007ff8132a5000 	/System/Library/PrivateFrameworks/BaseBoard.framework/Versions/A/BaseBoard
0x00007ff81302f000 	/System/Library/PrivateFrameworks/ProtocolBuffer.framework/Versions/A/ProtocolBuffer
0x00007ff819b9d000 	/System/Library/PrivateFrameworks/GPUWrangler.framework/Versions/A/GPUWrangler
0x00007ff819b81000 	/System/Library/PrivateFrameworks/IOPresentment.framework/Versions/A/IOPresentment
0x00007ff819ba7000 	/System/Library/PrivateFrameworks/DSExternalDisplay.framework/Versions/A/DSExternalDisplay
0x00007ffa25a89000 	/System/Library/Frameworks/OpenGL.framework/Versions/A/Libraries/libCoreFSCache.dylib
0x00007ffb12b50000 	/System/Library/PrivateFrameworks/GPUCompiler.framework/Versions/31001/Libraries/libGPUCompilerUtils.dylib
0x00007ff819c11000 	/System/Library/PrivateFrameworks/CMCaptureCore.framework/Versions/A/CMCaptureCore
0x00007ff819120000 	/System/Library/PrivateFrameworks/AppServerSupport.framework/Versions/A/AppServerSupport
0x00007ff81b3df000 	/System/Library/PrivateFrameworks/perfdata.framework/Versions/A/perfdata
0x00007ff80e069000 	/System/Library/PrivateFrameworks/AudioToolboxCore.framework/Versions/A/AudioToolboxCore
0x00007ff815bec000 	/System/Library/PrivateFrameworks/caulk.framework/Versions/A/caulk
0x00007ff81acf1000 	/usr/lib/libAudioStatistics.dylib
0x00007ff912747000 	/System/Library/PrivateFrameworks/SystemPolicy.framework/Versions/A/SystemPolicy
0x00007ff81af4c000 	/usr/lib/libSMC.dylib
0x00007ff823e6c000 	/System/Library/Frameworks/CoreMIDI.framework/Versions/A/CoreMIDI
0x00007ff819acc000 	/usr/lib/libAudioToolboxUtility.dylib
0x00007ff90e973000 	/System/Library/PrivateFrameworks/OSAServicesClient.framework/Versions/A/OSAServicesClient
0x00007ff81b3ec000 	/usr/lib/libperfcheck.dylib
0x00007ff9131f4000 	/usr/lib/libmis.dylib
0x00007ffa25ae4000 	/System/Library/Frameworks/OpenGL.framework/Versions/A/Libraries/libGLU.dylib
0x00007ffa25aa8000 	/System/Library/Frameworks/OpenGL.framework/Versions/A/Libraries/libGFXShared.dylib
0x00007ffa25cb1000 	/System/Library/Frameworks/OpenGL.framework/Versions/A/Libraries/libGL.dylib
0x00007ffa25ab1000 	/System/Library/Frameworks/OpenGL.framework/Versions/A/Libraries/libGLImage.dylib
0x00007ffa25aa5000 	/System/Library/Frameworks/OpenGL.framework/Versions/A/Libraries/libCVMSPluginSupport.dylib
0x00007ffa25a90000 	/System/Library/Frameworks/OpenGL.framework/Versions/A/Libraries/libCoreVMClient.dylib
0x00007ff816759000 	/System/Library/Frameworks/MetalPerformanceShaders.framework/Versions/A/Frameworks/MPSCore.framework/Versions/A/MPSCore
0x00007ff817a9d000 	/System/Library/Frameworks/MetalPerformanceShaders.framework/Versions/A/Frameworks/MPSImage.framework/Versions/A/MPSImage
0x00007ff817543000 	/System/Library/Frameworks/MetalPerformanceShaders.framework/Versions/A/Frameworks/MPSNeuralNetwork.framework/Versions/A/MPSNeuralNetwork
0x00007ff8179b7000 	/System/Library/Frameworks/MetalPerformanceShaders.framework/Versions/A/Frameworks/MPSMatrix.framework/Versions/A/MPSMatrix
0x00007ff817772000 	/System/Library/Frameworks/MetalPerformanceShaders.framework/Versions/A/Frameworks/MPSRayIntersector.framework/Versions/A/MPSRayIntersector
0x00007ff8179ef000 	/System/Library/Frameworks/MetalPerformanceShaders.framework/Versions/A/Frameworks/MPSNDArray.framework/Versions/A/MPSNDArray
0x00007ffa2b569000 	/System/Library/Frameworks/MetalPerformanceShaders.framework/Versions/A/Frameworks/MPSFunctions.framework/Versions/A/MPSFunctions
0x00007ff80d438000 	/System/Library/PrivateFrameworks/MetalTools.framework/Versions/A/MetalTools
0x00007ff8167d5000 	/System/Library/PrivateFrameworks/AggregateDictionary.framework/Versions/A/AggregateDictionary
0x00007ff81895a000 	/usr/lib/libIOReport.dylib
0x00007ffa270c0000 	/System/Library/Frameworks/OpenCL.framework/Versions/A/OpenCL
0x00007ff818cbe000 	/System/Library/PrivateFrameworks/FaceCore.framework/Versions/A/FaceCore
0x00007ff818caf000 	/System/Library/PrivateFrameworks/GraphVisualizer.framework/Versions/A/GraphVisualizer
0x00007ffb12a5b000 	/System/Library/PrivateFrameworks/FontServices.framework/Versions/A/FontServices
0x00007ff8190d8000 	/System/Library/PrivateFrameworks/OTSVG.framework/Versions/A/OTSVG
0x00007ff81458d000 	/System/Library/Frameworks/ApplicationServices.framework/Versions/A/Frameworks/ATS.framework/Versions/A/Resources/libFontRegistry.dylib
0x00007ff819128000 	/System/Library/PrivateFrameworks/FontServices.framework/libhvf.dylib
0x00007ffb12a5c000 	/System/Library/PrivateFrameworks/FontServices.framework/libXTFontStaticRegistryData.dylib
0x00007ff818b28000 	/System/Library/PrivateFrameworks/AppleVA.framework/Versions/A/AppleVA
0x00007ff81ad11000 	/System/Library/Frameworks/ApplicationServices.framework/Versions/A/Frameworks/ATS.framework/Versions/A/ATS
0x00007ff812761000 	/System/Library/Frameworks/ApplicationServices.framework/Versions/A/Frameworks/HIServices.framework/Versions/A/HIServices
0x00007ff819c1b000 	/System/Library/Frameworks/ApplicationServices.framework/Versions/A/Frameworks/PrintCore.framework/Versions/A/PrintCore
0x00007ff81b09f000 	/System/Library/Frameworks/ApplicationServices.framework/Versions/A/Frameworks/QD.framework/Versions/A/QD
0x00007ff81b097000 	/System/Library/Frameworks/ApplicationServices.framework/Versions/A/Frameworks/ColorSyncLegacy.framework/Versions/A/ColorSyncLegacy
0x00007ff81ad01000 	/System/Library/Frameworks/ApplicationServices.framework/Versions/A/Frameworks/SpeechSynthesis.framework/Versions/A/SpeechSynthesis
0x00007ff819bdc000 	/System/Library/Frameworks/ApplicationServices.framework/Versions/A/Frameworks/ATSUI.framework/Versions/A/ATSUI
0x00007ff81b02c000 	/usr/lib/libcups.2.dylib
0x00007ff81b3fb000 	/System/Library/Frameworks/Kerberos.framework/Versions/A/Kerberos
0x00007ff81b40a000 	/System/Library/Frameworks/GSS.framework/Versions/A/GSS
0x00007ff81ad7d000 	/usr/lib/libresolv.9.dylib
0x00007ff819137000 	/System/Library/PrivateFrameworks/Heimdal.framework/Versions/A/Heimdal
0x00007ff821fef000 	/System/Library/Frameworks/Kerberos.framework/Versions/A/Libraries/libHeimdalProxy.dylib
0x00007ff81342f000 	/System/Library/Frameworks/Network.framework/Versions/A/Network
0x00007ff818b92000 	/usr/lib/libheimdal-asn1.dylib
0x00007ff81b455000 	/System/Library/PrivateFrameworks/CommonAuth.framework/Versions/A/CommonAuth
0x00007ff81ac83000 	/System/Library/PrivateFrameworks/AudioSession.framework/Versions/A/AudioSession
0x00007ff818c22000 	/System/Library/PrivateFrameworks/MediaExperience.framework/Versions/A/MediaExperience
0x00007ff81ab15000 	/System/Library/PrivateFrameworks/AudioSession.framework/libSessionUtility.dylib
0x00007ff81b0ab000 	/System/Library/PrivateFrameworks/AudioResourceArbitration.framework/Versions/A/AudioResourceArbitration
0x00007ff81f12c000 	/System/Library/PrivateFrameworks/PowerLog.framework/Versions/A/PowerLog
0x00007ff818b9b000 	/System/Library/PrivateFrameworks/IconFoundation.framework/Versions/A/IconFoundation
0x00007ff81dee2000 	/System/Library/PrivateFrameworks/SpeechRecognitionCore.framework/Versions/A/SpeechRecognitionCore
0x000000010ad42000 	/System/Library/CoreServices/Encodings/libCyrillicConverter.dylib
0x000000010bb2e000 	/Users/roman/Library/Java/JavaVirtualMachines/corretto-1.8.0_342/Contents/Home/jre/lib/server/libjvm.dylib
0x000000010ad6e000 	/Users/roman/Library/Java/JavaVirtualMachines/corretto-1.8.0_342/Contents/Home/jre/lib/libverify.dylib
0x000000010ade0000 	/Users/roman/Library/Java/JavaVirtualMachines/corretto-1.8.0_342/Contents/Home/jre/lib/libjava.dylib
0x000000010ae7a000 	/Users/roman/Library/Java/JavaVirtualMachines/corretto-1.8.0_342/Contents/Home/jre/lib/libinstrument.dylib
0x000000010aee8000 	/Users/roman/Library/Java/JavaVirtualMachines/corretto-1.8.0_342/Contents/Home/jre/lib/libzip.dylib
0x0000000123579000 	/Users/roman/Library/Java/JavaVirtualMachines/corretto-1.8.0_342/Contents/Home/jre/lib/libnio.dylib
0x00000001235db000 	/Users/roman/Library/Java/JavaVirtualMachines/corretto-1.8.0_342/Contents/Home/jre/lib/libnet.dylib
0x000000012375e000 	/Users/roman/Library/Java/JavaVirtualMachines/corretto-1.8.0_342/Contents/Home/jre/lib/libprism_es2.dylib
0x00007ff80f501000 	/System/Library/PrivateFrameworks/CoreServicesInternal.framework/Versions/A/CoreServicesInternal
0x00007ffa25cbc000 	/System/Library/Frameworks/OpenGL.framework/Versions/A/Resources/GLEngine.bundle/GLEngine
0x00007ffa25b22000 	/System/Library/Frameworks/OpenGL.framework/Versions/A/Libraries/libGLProgrammability.dylib
0x0000000124129000 	/System/Library/Extensions/AppleMetalOpenGLRenderer.bundle/Contents/MacOS/AppleMetalOpenGLRenderer
0x00007ffa25e46000 	/System/Library/Frameworks/OpenGL.framework/Versions/A/Resources/GLRendererFloat.bundle/GLRendererFloat
0x00007ffa28a21000 	/System/Library/Extensions/AGXMetalG14G.bundle/Contents/MacOS/AGXMetalG14G
0x00007ff91320f000 	/System/Library/PrivateFrameworks/GPURawCounter.framework/Versions/A/GPURawCounter
0x00007ff90db1b000 	/System/Library/PrivateFrameworks/IOGPU.framework/Versions/A/IOGPU
0x0000000124424000 	/Users/roman/Library/Java/JavaVirtualMachines/corretto-1.8.0_342/Contents/Home/jre/lib/libglass.dylib
0x00007ff81f71d000 	/System/Library/Frameworks/FileProvider.framework/Versions/A/FileProvider
0x00007ff813212000 	/System/Library/Frameworks/Accounts.framework/Versions/A/Accounts
0x00007ff81f896000 	/System/Library/PrivateFrameworks/GenerationalStorage.framework/Versions/A/GenerationalStorage
0x00007ff8203a6000 	/System/Library/PrivateFrameworks/CoreSymbolication.framework/Versions/A/CoreSymbolication
0x00007ff81f121000 	/System/Library/PrivateFrameworks/SymptomDiagnosticReporter.framework/Versions/A/SymptomDiagnosticReporter
0x00007ff8107c2000 	/System/Library/PrivateFrameworks/DesktopServicesPriv.framework/Versions/A/DesktopServicesPriv
0x00007ff80f640000 	/usr/lib/libsandbox.1.dylib
0x00007ff814a26000 	/System/Library/PrivateFrameworks/UserManagement.framework/Versions/A/UserManagement
0x00007ff82036b000 	/System/Library/PrivateFrameworks/DebugSymbols.framework/Versions/A/DebugSymbols
0x00007ff81b08c000 	/System/Library/PrivateFrameworks/NetAuth.framework/Versions/A/NetAuth
0x00007ff81bf9b000 	/System/Library/PrivateFrameworks/Sharing.framework/Versions/A/Sharing
0x00007ff8149f9000 	/System/Library/PrivateFrameworks/login.framework/Versions/A/Frameworks/loginsupport.framework/Versions/A/loginsupport
0x00007ff821509000 	/System/Library/PrivateFrameworks/Apple80211.framework/Versions/A/Apple80211
0x00007ff817b82000 	/System/Library/PrivateFrameworks/AuthKit.framework/Versions/A/AuthKit
0x00007ff8171d7000 	/System/Library/PrivateFrameworks/CoreUtils.framework/Versions/A/CoreUtils
0x00007ff8170fe000 	/System/Library/Frameworks/CoreWLAN.framework/Versions/A/CoreWLAN
0x00007ff81c0fa000 	/System/Library/Frameworks/IOBluetooth.framework/Versions/A/IOBluetooth
0x00007ff821571000 	/System/Library/PrivateFrameworks/CoreWiFi.framework/Versions/A/CoreWiFi
0x00007ff81ff40000 	/System/Library/PrivateFrameworks/FrontBoardServices.framework/Versions/A/FrontBoardServices
0x00007ff81ffd1000 	/System/Library/PrivateFrameworks/BoardServices.framework/Versions/A/BoardServices
0x00007ff8173e6000 	/System/Library/PrivateFrameworks/AssertionServices.framework/Versions/A/AssertionServices
0x00007ff8216f4000 	/System/Library/PrivateFrameworks/BackBoardServices.framework/Versions/A/BackBoardServices
0x00007ff81b4e6000 	/System/Library/PrivateFrameworks/CorePhoneNumbers.framework/Versions/A/CorePhoneNumbers
0x00007ff81adaa000 	/System/Library/PrivateFrameworks/MultiverseSupport.framework/Versions/A/MultiverseSupport
0x00007ff821968000 	/System/Library/PrivateFrameworks/RemoteServiceDiscovery.framework/Versions/A/RemoteServiceDiscovery
0x00007ff81f23e000 	/System/Library/PrivateFrameworks/DiskManagement.framework/Versions/A/DiskManagement
0x00007ff81f152000 	/System/Library/PrivateFrameworks/AppleIDAuthSupport.framework/Versions/A/AppleIDAuthSupport
0x00007ffb0d3d6000 	/System/Library/PrivateFrameworks/AAAFoundation.framework/Versions/A/AAAFoundation
0x00007ff81b4c7000 	/System/Library/PrivateFrameworks/KeychainCircle.framework/Versions/A/KeychainCircle
0x00007ff821978000 	/System/Library/PrivateFrameworks/RemoteXPC.framework/Versions/A/RemoteXPC
0x00007ff81f20a000 	/System/Library/PrivateFrameworks/MediaKit.framework/Versions/A/MediaKit
0x00007ff81f15e000 	/System/Library/Frameworks/DiscRecording.framework/Versions/A/DiscRecording
0x00007ff818aa0000 	/usr/lib/libCoreStorage.dylib
0x00007ff8219e3000 	/usr/lib/libcsfde.dylib
0x00007ff81c1c7000 	/System/Library/PrivateFrameworks/ProtectedCloudStorage.framework/Versions/A/ProtectedCloudStorage
0x00007ff8219df000 	/System/Library/PrivateFrameworks/EFILogin.framework/Versions/A/EFILogin
0x00007ff81f8bc000 	/System/Library/PrivateFrameworks/OctagonTrust.framework/Versions/A/OctagonTrust
0x00007ffb11cbe000 	/System/Library/PrivateFrameworks/CoreUtilsExtras.framework/Versions/A/CoreUtilsExtras
0x00007ff81f085000 	/System/Library/Frameworks/CoreBluetooth.framework/Versions/A/CoreBluetooth
0x00007ff822074000 	/System/Library/Frameworks/AudioUnit.framework/Versions/A/AudioUnit
0x00007ff818a98000 	/usr/lib/libMatch.1.dylib
0x00007ff917818000 	/System/Library/Frameworks/Accelerate.framework/Versions/A/Frameworks/vImage.framework/Versions/A/Libraries/libCGInterfaces.dylib
0x0000000125749000 	/usr/lib/libobjc-trampolines.dylib
0x00007ff81471e000 	/System/Library/PrivateFrameworks/ViewBridge.framework/Versions/A/ViewBridge
0x00007ff8191ee000 	/System/Library/PrivateFrameworks/login.framework/Versions/A/login
0x000000012782d000 	/Users/roman/Library/Java/JavaVirtualMachines/corretto-1.8.0_342/Contents/Home/jre/lib/libmanagement.dylib
0x0000000128064000 	/Users/roman/Library/Java/JavaVirtualMachines/corretto-1.8.0_342/Contents/Home/jre/lib/libjavafx_font.dylib
0x00007ffb25543000 	/usr/lib/libRosetta.dylib
0x000000012e9c5000 	/Users/roman/Library/Java/JavaVirtualMachines/corretto-1.8.0_342/Contents/Home/jre/lib/libprism_common.dylib
0x00007ff81e5fe000 	/System/Library/PrivateFrameworks/SystemAdministration.framework/Versions/A/SystemAdministration
0x00007ff819e45000 	/System/Library/Frameworks/MediaToolbox.framework/Versions/A/MediaToolbox
0x00007ff81deae000 	/System/Library/Frameworks/DirectoryService.framework/Versions/A/DirectoryService
0x00007ff821880000 	/System/Library/PrivateFrameworks/DiskImages.framework/Versions/A/DiskImages
0x00007ff81748e000 	/System/Library/Frameworks/ServiceManagement.framework/Versions/A/ServiceManagement
0x00007ff821a5d000 	/System/Library/PrivateFrameworks/LoginUIKit.framework/Versions/A/Frameworks/LoginUICore.framework/Versions/A/LoginUICore
0x00007ff819397000 	/usr/lib/libodfde.dylib
0x00007ff81f6ed000 	/System/Library/PrivateFrameworks/CoreAVCHD.framework/Versions/A/CoreAVCHD
0x00007ff81e5c2000 	/System/Library/Frameworks/MediaAccessibility.framework/Versions/A/MediaAccessibility
0x00007ff81f6e9000 	/System/Library/PrivateFrameworks/Mangrove.framework/Versions/A/Mangrove
0x00007ff81e5cd000 	/System/Library/PrivateFrameworks/AlgosScoreFramework.framework/Versions/A/AlgosScoreFramework
0x00007ffb0efb2000 	/System/Library/PrivateFrameworks/CMPhoto.framework/Versions/A/CMPhoto
0x00007ff820241000 	/System/Library/PrivateFrameworks/AppleVPA.framework/Versions/A/AppleVPA
0x00007ff81f32e000 	/System/Library/PrivateFrameworks/CoreAUC.framework/Versions/A/CoreAUC
0x00007ff8219ef000 	/usr/lib/libcurl.4.dylib
0x00007ffb259af000 	/usr/lib/libcrypto.46.dylib
0x00007ffb25ea4000 	/usr/lib/libssl.48.dylib
0x00007ff821712000 	/System/Library/Frameworks/LDAP.framework/Versions/A/LDAP
0x00007ff82174a000 	/System/Library/PrivateFrameworks/TrustEvaluationAgent.framework/Versions/A/TrustEvaluationAgent
0x00007ff81ad96000 	/usr/lib/libsasl2.2.dylib
0x00007ff81e5f2000 	/System/Library/PrivateFrameworks/CoreDaemon.framework/Versions/B/CoreDaemon
0x00007ff81e5ed000 	/System/Library/PrivateFrameworks/AppleSRP.framework/Versions/A/AppleSRP

VM Arguments:
jvm_args: -javaagent:/Applications/IntelliJ IDEA 2022.3 EAP.app/Contents/lib/idea_rt.jar=64766:/Applications/IntelliJ IDEA 2022.3 EAP.app/Contents/bin -Dfile.encoding=UTF-8 
java_command: kz.geekbrains.cloud.client.ClientApplication
java_class_path (initial): /Users/roman/Library/Java/JavaVirtualMachines/corretto-1.8.0_342/Contents/Home/jre/lib/charsets.jar:/Users/roman/Library/Java/JavaVirtualMachines/corretto-1.8.0_342/Contents/Home/jre/lib/ext/cldrdata.jar:/Users/roman/Library/Java/JavaVirtualMachines/corretto-1.8.0_342/Contents/Home/jre/lib/ext/dnsns.jar:/Users/roman/Library/Java/JavaVirtualMachines/corretto-1.8.0_342/Contents/Home/jre/lib/ext/jaccess.jar:/Users/roman/Library/Java/JavaVirtualMachines/corretto-1.8.0_342/Contents/Home/jre/lib/ext/jfxrt.jar:/Users/roman/Library/Java/JavaVirtualMachines/corretto-1.8.0_342/Contents/Home/jre/lib/ext/localedata.jar:/Users/roman/Library/Java/JavaVirtualMachines/corretto-1.8.0_342/Contents/Home/jre/lib/ext/nashorn.jar:/Users/roman/Library/Java/JavaVirtualMachines/corretto-1.8.0_342/Contents/Home/jre/lib/ext/sunec.jar:/Users/roman/Library/Java/JavaVirtualMachines/corretto-1.8.0_342/Contents/Home/jre/lib/ext/sunjce_provider.jar:/Users/roman/Library/Java/JavaVirtualMachines/corretto-1.8.0_342/Contents/Home/jre/lib/ext/sunpkcs11.jar:/Users/roman/Library/Java/JavaVirtualMachines/corretto-1.8.0_342/Contents/Home/jre/lib/ext/zipfs.jar:/Users/roman/Library/Java/JavaVirtualMachines/corretto-1.8.0_342/Contents/Home/jre/lib/jce.jar:/Users/roman/Library/Java/JavaVirtualMachines/corretto-1.8.0_342/Contents/Home/jre/lib/jfr.jar:/Users/roman/Library/Java/JavaVirtualMachines/corretto-1.8.0_342/Contents/Home/jre/lib/jfxswt.jar:/Users/roman/Library/Java/JavaVirtualMachines/corretto-1.8.0_342/Contents/Home/jre/lib/jsse.jar:/Users/roman/Library/Java/JavaVirtualMachines/corretto-1.8.0_342/Contents/Home/jre/lib/management-agent.jar:/Users/roman/Library/Java/JavaVirtualMachines/corretto-1.8.0_342/Contents/Home/jre/lib/resources.jar:/Users/roman/Library/Java/JavaVirtualMachines/corretto-1.8.0_342/Contents/Home/jre/lib/rt.jar:/Users/roman/IdeaProjects/geekbrains_cloud/Client/target/classes:/Users/roman/IdeaProjects/geekbrains_cloud/Common/target/classes:/Users/roman/.m2/r
Launcher Type: SUN_STANDARD

Environment Variables:
PATH=/usr/local/bin:/usr/bin:/bin:/usr/sbin:/sbin:/opt/X11/bin:/Library/Frameworks/Mono.framework/Versions/Current/Commands:/Users/roman/Library/Application Support/JetBrains/Toolbox/scripts
SHELL=/bin/zsh
DISPLAY=/private/tmp/com.apple.launchd.I61uz1eqO6/org.macosforge.xquartz:0

Signal Handlers:
SIGSEGV: [libjvm.dylib+0x577767], sa_mask[0]=11111111111111111111111111111111, sa_flags=SA_ONSTACK|SA_RESTART|SA_SIGINFO
SIGBUS: [libjvm.dylib+0x577767], sa_mask[0]=11111111111111111111111111111111, sa_flags=SA_RESTART|SA_SIGINFO
SIGFPE: [libjvm.dylib+0x47110b], sa_mask[0]=11111111111111111111111111111111, sa_flags=SA_RESTART|SA_SIGINFO
SIGPIPE: [libjvm.dylib+0x47110b], sa_mask[0]=11111111111111111111111111111111, sa_flags=SA_RESTART|SA_SIGINFO
SIGXFSZ: [libjvm.dylib+0x47110b], sa_mask[0]=11111111111111111111111111111111, sa_flags=SA_RESTART|SA_SIGINFO
SIGILL: [libjvm.dylib+0x47110b], sa_mask[0]=11111111111111111111111111111111, sa_flags=SA_RESTART|SA_SIGINFO
SIGUSR1: SIG_DFL, sa_mask[0]=00000000000000000000000000000000, sa_flags=none
SIGUSR2: [libjvm.dylib+0x4719ea], sa_mask[0]=00100000000000000000000000000000, sa_flags=SA_RESTART|SA_SIGINFO
SIGHUP: [libjvm.dylib+0x46fbb3], sa_mask[0]=11111111111111111111111111111111, sa_flags=SA_RESTART|SA_SIGINFO
SIGINT: [libjvm.dylib+0x46fbb3], sa_mask[0]=11111111111111111111111111111111, sa_flags=SA_RESTART|SA_SIGINFO
SIGTERM: [libjvm.dylib+0x46fbb3], sa_mask[0]=11111111111111111111111111111111, sa_flags=SA_RESTART|SA_SIGINFO
SIGQUIT: [libjvm.dylib+0x46fbb3], sa_mask[0]=11111111111111111111111111111111, sa_flags=SA_RESTART|SA_SIGINFO


---------------  S Y S T E M  ---------------

OS:Bsduname:Darwin 21.6.0 Darwin Kernel Version 21.6.0: Mon Aug 22 20:20:07 PDT 2022; root:xnu-8020.140.49~2/RELEASE_ARM64_T8110 x86_64
rlimit: STACK 8176k, CORE 0k, NPROC 1333, NOFILE 10240, AS infinity
load average:3.45 2.80 2.73

CPU:total 8 (initial active 8) (1 cores per cpu, 1 threads per core) family 6 model 44 stepping 0, cmov, cx8, fxsr, mmx, sse, sse2, sse3, ssse3, sse4.1, sse4.2, popcnt, aes, clmul, tsc, tscinvbit, tscinv

Memory: 4k page, physical 8388608k(44936k free)

/proc/meminfo:


vm_info: OpenJDK 64-Bit Server VM (25.342-b07) for bsd-amd64 JRE (1.8.0_342-b07), built on Jul 21 2022 19:27:40 by "ec2-user" with gcc Apple LLVM 13.0.0 (clang-1300.0.29.30)

time: Wed Oct 12 21:24:59 2022
timezone: +06
elapsed time: 23.268876 seconds (0d 0h 0m 23s)

